Tue Jun 14 09:28:05 2022: Server was asked to start on port: '44869'
Tue Jun 14 09:28:05 2022: Server is using token UUID: '3a231faa-8a5b-4b41-b0f3-a588c76c8ec6'
Tue Jun 14 09:28:05 2022: Attempting to start server on port '44869'
Tue Jun 14 09:28:05 2022: XRC main fifo: created main fifo '/tmp/xrcmain3a231faa-8a5b-4b41-b0f3-a588c76c8ec6', fd read = 11
Tue Jun 14 09:28:05 2022: Running Rule Check Server
Tue Jun 14 09:28:05 2022: Version 1.6.1
Tue Jun 14 09:28:07 2022: Rule Check Server: Accepted socket connection from client
Tue Jun 14 09:28:07 2022: EXCHANGE_TOKEN received, server token: 3a231faa-8a5b-4b41-b0f3-a588c76c8ec6, passed token: 3a231faa-8a5b-4b41-b0f3-a588c76c8ec6
Tue Jun 14 09:31:33 2022: SESSION_MGR: creating session with session uuid: 'da314a54-8051-45ad-b174-38f9560c8f5c' and name 'Emulation-SW'
Tue Jun 14 09:31:33 2022: SESSION_MGR: closing session for UUID 'da314a54-8051-45ad-b174-38f9560c8f5c' with name 'Emulation-SW'
Tue Jun 14 09:31:33 2022: SESSION_MGR: creating session with session uuid: 'f46ce511-7a59-488b-9862-ceb16701ef1d' and name 'Emulation-HW'
Tue Jun 14 09:31:33 2022: SESSION_MGR: closing session for UUID 'f46ce511-7a59-488b-9862-ceb16701ef1d' with name 'Emulation-HW'
Tue Jun 14 09:31:33 2022: SESSION_MGR: creating session with session uuid: '300a35e7-38c4-48b5-922d-0871ec5444a0' and name 'Hardware'
Tue Jun 14 09:31:33 2022: SESSION_MGR: closing session for UUID '300a35e7-38c4-48b5-922d-0871ec5444a0' with name 'Hardware'
Tue Jun 14 09:32:13 2022: STOP_SERVER received, server token: 3a231faa-8a5b-4b41-b0f3-a588c76c8ec6, passed token: 3a231faa-8a5b-4b41-b0f3-a588c76c8ec6
Tue Jun 14 09:32:13 2022: Socket received request to stop server.
Tue Jun 14 09:32:13 2022: SERVER: destructor for server bound to port 44869
Tue Jun 14 09:32:13 2022: XRC main fifo: Good unlink of /tmp/xrcmain3a231faa-8a5b-4b41-b0f3-a588c76c8ec6
Tue Jun 14 09:32:13 2022: Server exiting with status 0.
Tue Jun 14 09:32:13 2022: Closing log file.
